INFO:requests.packages.urllib3.connectionpool:Starting new HTTPS connection (1): en.wiktionary.org
DEBUG:requests.packages.urllib3.connectionpool:"GET /wiki/canto HTTP/1.1" 200 20122
INFO:requests.packages.urllib3.connectionpool:Starting new HTTPS connection (1): en.wiktionary.org
DEBUG:requests.packages.urllib3.connectionpool:"GET /wiki/canto HTTP/1.1" 200 20122
INFO:requests.packages.urllib3.connectionpool:Starting new HTTPS connection (1): en.wiktionary.org
DEBUG:requests.packages.urllib3.connectionpool:"GET /wiki/canto HTTP/1.1" 200 20122
INFO:requests.packages.urllib3.connectionpool:Starting new HTTPS connection (1): en.wiktionary.org
DEBUG:requests.packages.urllib3.connectionpool:"GET /wiki/canto HTTP/1.1" 200 20122
INFO:requests.packages.urllib3.connectionpool:Starting new HTTPS connection (1): en.wiktionary.org
DEBUG:requests.packages.urllib3.connectionpool:"GET /wiki/canto HTTP/1.1" 200 20122
INFO:requests.packages.urllib3.connectionpool:Starting new HTTPS connection (1): en.wiktionary.org
DEBUG:requests.packages.urllib3.connectionpool:"GET /wiki/canto HTTP/1.1" 200 20122
INFO:requests.packages.urllib3.connectionpool:Starting new HTTPS connection (1): en.wiktionary.org
DEBUG:requests.packages.urllib3.connectionpool:"GET /wiki/canto HTTP/1.1" 200 20122
INFO:requests.packages.urllib3.connectionpool:Starting new HTTPS connection (1): en.wiktionary.org
DEBUG:requests.packages.urllib3.connectionpool:"GET /wiki/canto HTTP/1.1" 200 20122
INFO:requests.packages.urllib3.connectionpool:Starting new HTTPS connection (1): en.wiktionary.org
DEBUG:requests.packages.urllib3.connectionpool:"GET /wiki/canto HTTP/1.1" 200 20122
INFO:requests.packages.urllib3.connectionpool:Starting new HTTPS connection (1): en.wiktionary.org
DEBUG:requests.packages.urllib3.connectionpool:"GET /wiki/canto HTTP/1.1" 200 20122
INFO:requests.packages.urllib3.connectionpool:Starting new HTTPS connection (1): en.wiktionary.org
DEBUG:requests.packages.urllib3.connectionpool:"GET /wiki/canto HTTP/1.1" 200 20122
INFO:requests.packages.urllib3.connectionpool:Starting new HTTPS connection (1): en.wiktionary.org
DEBUG:requests.packages.urllib3.connectionpool:"GET /wiki/canto HTTP/1.1" 200 20122
INFO:requests.packages.urllib3.connectionpool:Starting new HTTPS connection (1): en.wiktionary.org
DEBUG:requests.packages.urllib3.connectionpool:"GET /wiki/canto HTTP/1.1" 200 20122
INFO:requests.packages.urllib3.connectionpool:Starting new HTTPS connection (1): en.wiktionary.org
DEBUG:requests.packages.urllib3.connectionpool:"GET /wiki/canto HTTP/1.1" 200 20122
INFO:requests.packages.urllib3.connectionpool:Starting new HTTPS connection (1): en.wiktionary.org
DEBUG:requests.packages.urllib3.connectionpool:"GET /wiki/canto HTTP/1.1" 200 20122
INFO:requests.packages.urllib3.connectionpool:Starting new HTTPS connection (1): en.wiktionary.org
DEBUG:requests.packages.urllib3.connectionpool:"GET /wiki/canto HTTP/1.1" 200 20122
INFO:requests.packages.urllib3.connectionpool:Starting new HTTPS connection (1): en.wiktionary.org
DEBUG:requests.packages.urllib3.connectionpool:"GET /wiki/canto HTTP/1.1" 200 20122
INFO:requests.packages.urllib3.connectionpool:Starting new HTTPS connection (1): en.wiktionary.org
DEBUG:requests.packages.urllib3.connectionpool:"GET /wiki/canto HTTP/1.1" 200 20122
INFO:requests.packages.urllib3.connectionpool:Starting new HTTPS connection (1): en.wiktionary.org
DEBUG:requests.packages.urllib3.connectionpool:"GET /wiki/canto HTTP/1.1" 200 20122
INFO:requests.packages.urllib3.connectionpool:Starting new HTTPS connection (1): en.wiktionary.org
DEBUG:requests.packages.urllib3.connectionpool:"GET /wiki/canto HTTP/1.1" 200 20122
INFO:requests.packages.urllib3.connectionpool:Starting new HTTPS connection (1): en.wiktionary.org
DEBUG:requests.packages.urllib3.connectionpool:"GET /wiki/canto HTTP/1.1" 200 20122
INFO:requests.packages.urllib3.connectionpool:Starting new HTTPS connection (1): en.wiktionary.org
DEBUG:requests.packages.urllib3.connectionpool:"GET /wiki/canto HTTP/1.1" 200 20122
INFO:requests.packages.urllib3.connectionpool:Starting new HTTPS connection (1): en.wiktionary.org
DEBUG:requests.packages.urllib3.connectionpool:"GET /wiki/canto HTTP/1.1" 200 20122
INFO:requests.packages.urllib3.connectionpool:Starting new HTTPS connection (1): en.wiktionary.org
DEBUG:requests.packages.urllib3.connectionpool:"GET /wiki/canto HTTP/1.1" 200 20122
INFO:requests.packages.urllib3.connectionpool:Starting new HTTPS connection (1): en.wiktionary.org
DEBUG:requests.packages.urllib3.connectionpool:"GET /wiki/canto HTTP/1.1" 200 20122
INFO:requests.packages.urllib3.connectionpool:Starting new HTTPS connection (1): en.wiktionary.org
DEBUG:requests.packages.urllib3.connectionpool:"GET /wiki/canto HTTP/1.1" 200 20122
INFO:requests.packages.urllib3.connectionpool:Starting new HTTPS connection (1): en.wiktionary.org
DEBUG:requests.packages.urllib3.connectionpool:"GET /wiki/canto HTTP/1.1" 200 20122
INFO:requests.packages.urllib3.connectionpool:Starting new HTTPS connection (1): en.wiktionary.org
DEBUG:requests.packages.urllib3.connectionpool:"GET /wiki/canto HTTP/1.1" 200 20122
INFO:requests.packages.urllib3.connectionpool:Starting new HTTPS connection (1): en.wiktionary.org
DEBUG:requests.packages.urllib3.connectionpool:"GET /wiki/canto HTTP/1.1" 200 20124
INFO:requests.packages.urllib3.connectionpool:Starting new HTTPS connection (1): en.wiktionary.org
DEBUG:requests.packages.urllib3.connectionpool:"GET /wiki/canto HTTP/1.1" 200 20124
INFO:requests.packages.urllib3.connectionpool:Starting new HTTPS connection (1): en.wiktionary.org
DEBUG:requests.packages.urllib3.connectionpool:"GET /wiki/canto HTTP/1.1" 200 20124
INFO:requests.packages.urllib3.connectionpool:Starting new HTTPS connection (1): en.wiktionary.org
DEBUG:requests.packages.urllib3.connectionpool:"GET /wiki/canto HTTP/1.1" 200 None
INFO:requests.packages.urllib3.connectionpool:Starting new HTTPS connection (1): en.wiktionary.org
DEBUG:requests.packages.urllib3.connectionpool:"GET /wiki/canto HTTP/1.1" 200 20123
INFO:requests.packages.urllib3.connectionpool:Starting new HTTPS connection (1): en.wiktionary.org
DEBUG:requests.packages.urllib3.connectionpool:"GET /wiki/canto HTTP/1.1" 200 20123
INFO:requests.packages.urllib3.connectionpool:Starting new HTTPS connection (1): en.wiktionary.org
DEBUG:requests.packages.urllib3.connectionpool:"GET /wiki/canto HTTP/1.1" 200 20124
INFO:requests.packages.urllib3.connectionpool:Starting new HTTPS connection (1): en.wiktionary.org
DEBUG:requests.packages.urllib3.connectionpool:"GET /wiki/canto HTTP/1.1" 200 20124
INFO:requests.packages.urllib3.connectionpool:Starting new HTTPS connection (1): en.wiktionary.org
DEBUG:requests.packages.urllib3.connectionpool:"GET /wiki/canto HTTP/1.1" 200 20124
INFO:requests.packages.urllib3.connectionpool:Starting new HTTPS connection (1): en.wiktionary.org
DEBUG:requests.packages.urllib3.connectionpool:"GET /wiki/canto HTTP/1.1" 200 20124
INFO:requests.packages.urllib3.connectionpool:Starting new HTTPS connection (1): en.wiktionary.org
DEBUG:requests.packages.urllib3.connectionpool:"GET /wiki/canto HTTP/1.1" 200 20124
INFO:requests.packages.urllib3.connectionpool:Starting new HTTPS connection (1): en.wiktionary.org
DEBUG:requests.packages.urllib3.connectionpool:"GET /wiki/canto HTTP/1.1" 200 20124
INFO:requests.packages.urllib3.connectionpool:Starting new HTTPS connection (1): en.wiktionary.org
DEBUG:requests.packages.urllib3.connectionpool:"GET /wiki/canto HTTP/1.1" 200 20124
INFO:requests.packages.urllib3.connectionpool:Starting new HTTPS connection (1): en.wiktionary.org
DEBUG:requests.packages.urllib3.connectionpool:"GET /wiki/canto HTTP/1.1" 200 20124
INFO:requests.packages.urllib3.connectionpool:Starting new HTTPS connection (1): en.wiktionary.org
DEBUG:requests.packages.urllib3.connectionpool:"GET /wiki/canto HTTP/1.1" 200 20124
INFO:requests.packages.urllib3.connectionpool:Starting new HTTPS connection (1): en.wiktionary.org
DEBUG:requests.packages.urllib3.connectionpool:"GET /wiki/canto HTTP/1.1" 200 20124
INFO:requests.packages.urllib3.connectionpool:Starting new HTTPS connection (1): en.wiktionary.org
DEBUG:requests.packages.urllib3.connectionpool:"GET /wiki/canto HTTP/1.1" 200 20124
INFO:requests.packages.urllib3.connectionpool:Starting new HTTPS connection (1): en.wiktionary.org
DEBUG:requests.packages.urllib3.connectionpool:"GET /wiki/canto HTTP/1.1" 200 20124
INFO:requests.packages.urllib3.connectionpool:Starting new HTTPS connection (1): en.wiktionary.org
DEBUG:requests.packages.urllib3.connectionpool:"GET /wiki/canto HTTP/1.1" 200 20124
INFO:requests.packages.urllib3.connectionpool:Starting new HTTPS connection (1): en.wiktionary.org
DEBUG:requests.packages.urllib3.connectionpool:"GET /wiki/canto HTTP/1.1" 200 20124
INFO:requests.packages.urllib3.connectionpool:Starting new HTTPS connection (1): en.wiktionary.org
DEBUG:requests.packages.urllib3.connectionpool:"GET /wiki/canto HTTP/1.1" 200 20124
INFO:requests.packages.urllib3.connectionpool:Starting new HTTPS connection (1): en.wiktionary.org
DEBUG:requests.packages.urllib3.connectionpool:"GET /wiki/canto HTTP/1.1" 200 20124
INFO:requests.packages.urllib3.connectionpool:Starting new HTTPS connection (1): en.wiktionary.org
DEBUG:requests.packages.urllib3.connectionpool:"GET /wiki/canto HTTP/1.1" 200 20124
INFO:requests.packages.urllib3.connectionpool:Starting new HTTPS connection (1): en.wiktionary.org
DEBUG:requests.packages.urllib3.connectionpool:"GET /wiki/canto HTTP/1.1" 200 20124
INFO:requests.packages.urllib3.connectionpool:Starting new HTTPS connection (1): en.wiktionary.org
DEBUG:requests.packages.urllib3.connectionpool:"GET /wiki/canto HTTP/1.1" 200 20124
INFO:requests.packages.urllib3.connectionpool:Starting new HTTPS connection (1): en.wiktionary.org
DEBUG:requests.packages.urllib3.connectionpool:"GET /wiki/canto HTTP/1.1" 200 20124
INFO:requests.packages.urllib3.connectionpool:Starting new HTTPS connection (1): en.wiktionary.org
DEBUG:requests.packages.urllib3.connectionpool:"GET /wiki/canto HTTP/1.1" 200 20124
INFO:requests.packages.urllib3.connectionpool:Starting new HTTPS connection (1): en.wiktionary.org
DEBUG:requests.packages.urllib3.connectionpool:"GET /wiki/canto HTTP/1.1" 200 20124
INFO:requests.packages.urllib3.connectionpool:Starting new HTTPS connection (1): en.wiktionary.org
DEBUG:requests.packages.urllib3.connectionpool:"GET /wiki/canto HTTP/1.1" 200 20124
INFO:requests.packages.urllib3.connectionpool:Starting new HTTPS connection (1): en.wiktionary.org
DEBUG:requests.packages.urllib3.connectionpool:"GET /wiki/canto HTTP/1.1" 200 20124
INFO:requests.packages.urllib3.connectionpool:Starting new HTTPS connection (1): en.wiktionary.org
DEBUG:requests.packages.urllib3.connectionpool:"GET /wiki/canto HTTP/1.1" 200 20124
INFO:requests.packages.urllib3.connectionpool:Starting new HTTPS connection (1): en.wiktionary.org
DEBUG:requests.packages.urllib3.connectionpool:"GET /wiki/canto HTTP/1.1" 200 20124
INFO:requests.packages.urllib3.connectionpool:Starting new HTTPS connection (1): en.wiktionary.org
DEBUG:requests.packages.urllib3.connectionpool:"GET /wiki/canto HTTP/1.1" 200 20124
INFO:requests.packages.urllib3.connectionpool:Starting new HTTPS connection (1): en.wiktionary.org
DEBUG:requests.packages.urllib3.connectionpool:"GET /wiki/canto HTTP/1.1" 200 20124
INFO:requests.packages.urllib3.connectionpool:Starting new HTTPS connection (1): en.wiktionary.org
DEBUG:requests.packages.urllib3.connectionpool:"GET /wiki/canto HTTP/1.1" 200 20124
INFO:requests.packages.urllib3.connectionpool:Starting new HTTPS connection (1): en.wiktionary.org
DEBUG:requests.packages.urllib3.connectionpool:"GET /wiki/canto HTTP/1.1" 200 20124
INFO:requests.packages.urllib3.connectionpool:Starting new HTTPS connection (1): en.wiktionary.org
DEBUG:requests.packages.urllib3.connectionpool:"GET /wiki/canto HTTP/1.1" 200 20124
INFO:requests.packages.urllib3.connectionpool:Starting new HTTPS connection (1): en.wiktionary.org
DEBUG:requests.packages.urllib3.connectionpool:"GET /wiki/canto HTTP/1.1" 200 20124
INFO:requests.packages.urllib3.connectionpool:Starting new HTTPS connection (1): en.wiktionary.org
DEBUG:requests.packages.urllib3.connectionpool:"GET /wiki/canto HTTP/1.1" 200 20124
INFO:requests.packages.urllib3.connectionpool:Starting new HTTPS connection (1): en.wiktionary.org
DEBUG:requests.packages.urllib3.connectionpool:"GET /wiki/canto HTTP/1.1" 200 20124
INFO:requests.packages.urllib3.connectionpool:Starting new HTTPS connection (1): en.wiktionary.org
DEBUG:requests.packages.urllib3.connectionpool:"GET /wiki/canto HTTP/1.1" 200 20124
INFO:requests.packages.urllib3.connectionpool:Starting new HTTPS connection (1): en.wiktionary.org
DEBUG:requests.packages.urllib3.connectionpool:"GET /wiki/canto HTTP/1.1" 200 20124
INFO:requests.packages.urllib3.connectionpool:Starting new HTTPS connection (1): en.wiktionary.org
DEBUG:requests.packages.urllib3.connectionpool:"GET /wiki/canto HTTP/1.1" 200 20124
INFO:requests.packages.urllib3.connectionpool:Starting new HTTPS connection (1): en.wiktionary.org
DEBUG:requests.packages.urllib3.connectionpool:"GET /wiki/canto HTTP/1.1" 200 20124
INFO:requests.packages.urllib3.connectionpool:Starting new HTTPS connection (1): en.wiktionary.org
DEBUG:requests.packages.urllib3.connectionpool:"GET /wiki/canto HTTP/1.1" 200 20124
INFO:requests.packages.urllib3.connectionpool:Starting new HTTPS connection (1): en.wiktionary.org
DEBUG:requests.packages.urllib3.connectionpool:"GET /wiki/canto HTTP/1.1" 200 20124
INFO:requests.packages.urllib3.connectionpool:Starting new HTTPS connection (1): en.wiktionary.org
DEBUG:requests.packages.urllib3.connectionpool:"GET /wiki/canto HTTP/1.1" 200 20124
INFO:requests.packages.urllib3.connectionpool:Starting new HTTPS connection (1): en.wiktionary.org
DEBUG:requests.packages.urllib3.connectionpool:"GET /wiki/canto HTTP/1.1" 200 20124
INFO:requests.packages.urllib3.connectionpool:Starting new HTTPS connection (1): en.wiktionary.org
DEBUG:requests.packages.urllib3.connectionpool:"GET /wiki/canto HTTP/1.1" 200 20124
INFO:requests.packages.urllib3.connectionpool:Starting new HTTPS connection (1): en.wiktionary.org
DEBUG:requests.packages.urllib3.connectionpool:"GET /wiki/canto HTTP/1.1" 200 20124
INFO:requests.packages.urllib3.connectionpool:Starting new HTTPS connection (1): en.wiktionary.org
DEBUG:requests.packages.urllib3.connectionpool:"GET /wiki/canto HTTP/1.1" 200 20124
INFO:requests.packages.urllib3.connectionpool:Starting new HTTPS connection (1): en.wiktionary.org
DEBUG:requests.packages.urllib3.connectionpool:"GET /wiki/canto HTTP/1.1" 200 20124
INFO:requests.packages.urllib3.connectionpool:Starting new HTTPS connection (1): en.wiktionary.org
DEBUG:requests.packages.urllib3.connectionpool:"GET /wiki/canto HTTP/1.1" 200 20124
INFO:requests.packages.urllib3.connectionpool:Starting new HTTPS connection (1): en.wiktionary.org
DEBUG:requests.packages.urllib3.connectionpool:"GET /wiki/canto HTTP/1.1" 200 20124
INFO:requests.packages.urllib3.connectionpool:Starting new HTTPS connection (1): en.wiktionary.org
DEBUG:requests.packages.urllib3.connectionpool:"GET /wiki/canto HTTP/1.1" 200 20124
INFO:requests.packages.urllib3.connectionpool:Starting new HTTPS connection (1): en.wiktionary.org
DEBUG:requests.packages.urllib3.connectionpool:"GET /wiki/canto HTTP/1.1" 200 None
INFO:requests.packages.urllib3.connectionpool:Starting new HTTPS connection (1): en.wiktionary.org
DEBUG:requests.packages.urllib3.connectionpool:"GET /wiki/canto HTTP/1.1" 200 None
INFO:requests.packages.urllib3.connectionpool:Starting new HTTPS connection (1): en.wiktionary.org
DEBUG:requests.packages.urllib3.connectionpool:"GET /wiki/canto HTTP/1.1" 200 20128
INFO:requests.packages.urllib3.connectionpool:Starting new HTTPS connection (1): en.wiktionary.org
DEBUG:requests.packages.urllib3.connectionpool:"GET /wiki/canto HTTP/1.1" 200 20128
INFO:requests.packages.urllib3.connectionpool:Starting new HTTPS connection (1): en.wiktionary.org
DEBUG:requests.packages.urllib3.connectionpool:"GET /wiki/canto HTTP/1.1" 200 20128
INFO:requests.packages.urllib3.connectionpool:Starting new HTTPS connection (1): en.wiktionary.org
DEBUG:requests.packages.urllib3.connectionpool:"GET /wiki/canto HTTP/1.1" 200 20128
INFO:requests.packages.urllib3.connectionpool:Starting new HTTPS connection (1): en.wiktionary.org
DEBUG:requests.packages.urllib3.connectionpool:"GET /wiki/canto HTTP/1.1" 200 20128
INFO:requests.packages.urllib3.connectionpool:Starting new HTTPS connection (1): en.wiktionary.org
DEBUG:requests.packages.urllib3.connectionpool:"GET /wiki/canto HTTP/1.1" 200 20128
INFO:requests.packages.urllib3.connectionpool:Starting new HTTPS connection (1): en.wiktionary.org
DEBUG:requests.packages.urllib3.connectionpool:"GET /wiki/canto HTTP/1.1" 200 20128
INFO:requests.packages.urllib3.connectionpool:Starting new HTTPS connection (1): en.wiktionary.org
DEBUG:requests.packages.urllib3.connectionpool:"GET /wiki/canto HTTP/1.1" 200 20128
INFO:requests.packages.urllib3.connectionpool:Starting new HTTPS connection (1): en.wiktionary.org
DEBUG:requests.packages.urllib3.connectionpool:"GET /wiki/canto HTTP/1.1" 200 20128
INFO:requests.packages.urllib3.connectionpool:Starting new HTTPS connection (1): en.wiktionary.org
DEBUG:requests.packages.urllib3.connectionpool:"GET /wiki/canto HTTP/1.1" 200 20128
INFO:requests.packages.urllib3.connectionpool:Starting new HTTPS connection (1): en.wiktionary.org
DEBUG:requests.packages.urllib3.connectionpool:"GET /wiki/canto HTTP/1.1" 200 20128
INFO:requests.packages.urllib3.connectionpool:Starting new HTTPS connection (1): en.wiktionary.org
DEBUG:requests.packages.urllib3.connectionpool:"GET /wiki/canto HTTP/1.1" 200 20128
INFO:requests.packages.urllib3.connectionpool:Starting new HTTPS connection (1): en.wiktionary.org
DEBUG:requests.packages.urllib3.connectionpool:"GET /wiki/canto HTTP/1.1" 200 20128
INFO:requests.packages.urllib3.connectionpool:Starting new HTTPS connection (1): en.wiktionary.org
DEBUG:requests.packages.urllib3.connectionpool:"GET /wiki/canto HTTP/1.1" 200 20128
INFO:requests.packages.urllib3.connectionpool:Starting new HTTPS connection (1): en.wiktionary.org
DEBUG:requests.packages.urllib3.connectionpool:"GET /wiki/canto HTTP/1.1" 200 20128
INFO:requests.packages.urllib3.connectionpool:Starting new HTTPS connection (1): en.wiktionary.org
DEBUG:requests.packages.urllib3.connectionpool:"GET /wiki/canto HTTP/1.1" 200 20128
INFO:requests.packages.urllib3.connectionpool:Starting new HTTPS connection (1): en.wiktionary.org
DEBUG:requests.packages.urllib3.connectionpool:"GET /wiki/canto HTTP/1.1" 200 20128
INFO:requests.packages.urllib3.connectionpool:Starting new HTTPS connection (1): en.wiktionary.org
DEBUG:requests.packages.urllib3.connectionpool:"GET /wiki/canto HTTP/1.1" 200 20128
INFO:requests.packages.urllib3.connectionpool:Starting new HTTPS connection (1): en.wiktionary.org
DEBUG:requests.packages.urllib3.connectionpool:"GET /wiki/canto HTTP/1.1" 200 20128
INFO:requests.packages.urllib3.connectionpool:Starting new HTTPS connection (1): en.wiktionary.org
DEBUG:requests.packages.urllib3.connectionpool:"GET /wiki/canto HTTP/1.1" 200 20128
INFO:requests.packages.urllib3.connectionpool:Starting new HTTPS connection (1): en.wiktionary.org
DEBUG:requests.packages.urllib3.connectionpool:"GET /wiki/canto HTTP/1.1" 200 20128
INFO:requests.packages.urllib3.connectionpool:Starting new HTTPS connection (1): en.wiktionary.org
DEBUG:requests.packages.urllib3.connectionpool:"GET /wiki/canto HTTP/1.1" 200 20128
INFO:requests.packages.urllib3.connectionpool:Starting new HTTPS connection (1): en.wiktionary.org
DEBUG:requests.packages.urllib3.connectionpool:"GET /wiki/canto HTTP/1.1" 200 20128
INFO:requests.packages.urllib3.connectionpool:Starting new HTTPS connection (1): en.wiktionary.org
DEBUG:requests.packages.urllib3.connectionpool:"GET /wiki/canto HTTP/1.1" 200 20128
INFO:requests.packages.urllib3.connectionpool:Starting new HTTPS connection (1): en.wiktionary.org
DEBUG:requests.packages.urllib3.connectionpool:"GET /wiki/canto HTTP/1.1" 200 20128
INFO:requests.packages.urllib3.connectionpool:Starting new HTTPS connection (1): en.wiktionary.org
DEBUG:requests.packages.urllib3.connectionpool:"GET /wiki/canto HTTP/1.1" 200 20128
INFO:requests.packages.urllib3.connectionpool:Starting new HTTPS connection (1): en.wiktionary.org
DEBUG:requests.packages.urllib3.connectionpool:"GET /wiki/canto HTTP/1.1" 200 20128
INFO:requests.packages.urllib3.connectionpool:Starting new HTTPS connection (1): en.wiktionary.org
DEBUG:requests.packages.urllib3.connectionpool:"GET /wiki/canto HTTP/1.1" 200 20128
INFO:requests.packages.urllib3.connectionpool:Starting new HTTPS connection (1): en.wiktionary.org
DEBUG:requests.packages.urllib3.connectionpool:"GET /wiki/canto HTTP/1.1" 200 20128
INFO:requests.packages.urllib3.connectionpool:Starting new HTTPS connection (1): en.wiktionary.org
DEBUG:requests.packages.urllib3.connectionpool:"GET /wiki/canto HTTP/1.1" 200 20128
INFO:requests.packages.urllib3.connectionpool:Starting new HTTPS connection (1): en.wiktionary.org
DEBUG:requests.packages.urllib3.connectionpool:"GET /wiki/canto HTTP/1.1" 200 20128
INFO:requests.packages.urllib3.connectionpool:Starting new HTTPS connection (1): en.wiktionary.org
DEBUG:requests.packages.urllib3.connectionpool:"GET /wiki/canto HTTP/1.1" 200 20128
INFO:requests.packages.urllib3.connectionpool:Starting new HTTPS connection (1): en.wiktionary.org
DEBUG:requests.packages.urllib3.connectionpool:"GET /wiki/canto HTTP/1.1" 200 20128
INFO:requests.packages.urllib3.connectionpool:Starting new HTTPS connection (1): en.wiktionary.org
DEBUG:requests.packages.urllib3.connectionpool:"GET /wiki/canto HTTP/1.1" 200 20128
INFO:requests.packages.urllib3.connectionpool:Starting new HTTPS connection (1): en.wiktionary.org
DEBUG:requests.packages.urllib3.connectionpool:"GET /wiki/canto HTTP/1.1" 200 20128
INFO:requests.packages.urllib3.connectionpool:Starting new HTTPS connection (1): en.wiktionary.org
DEBUG:requests.packages.urllib3.connectionpool:"GET /wiki/canto HTTP/1.1" 200 20128
INFO:requests.packages.urllib3.connectionpool:Starting new HTTPS connection (1): en.wiktionary.org
DEBUG:requests.packages.urllib3.connectionpool:"GET /wiki/canto HTTP/1.1" 200 20128
INFO:requests.packages.urllib3.connectionpool:Starting new HTTPS connection (1): en.wiktionary.org
DEBUG:requests.packages.urllib3.connectionpool:"GET /wiki/canto HTTP/1.1" 200 20128
INFO:requests.packages.urllib3.connectionpool:Starting new HTTPS connection (1): en.wiktionary.org
DEBUG:requests.packages.urllib3.connectionpool:"GET /wiki/canto HTTP/1.1" 200 20126
INFO:requests.packages.urllib3.connectionpool:Starting new HTTPS connection (1): en.wiktionary.org
DEBUG:requests.packages.urllib3.connectionpool:"GET /wiki/canto HTTP/1.1" 200 20126
INFO:requests.packages.urllib3.connectionpool:Starting new HTTPS connection (1): en.wiktionary.org
DEBUG:requests.packages.urllib3.connectionpool:"GET /wiki/canto HTTP/1.1" 200 20126
INFO:requests.packages.urllib3.connectionpool:Starting new HTTPS connection (1): en.wiktionary.org
DEBUG:requests.packages.urllib3.connectionpool:"GET /wiki/canto HTTP/1.1" 200 20126
INFO:requests.packages.urllib3.connectionpool:Starting new HTTPS connection (1): en.wiktionary.org
DEBUG:requests.packages.urllib3.connectionpool:"GET /wiki/canto HTTP/1.1" 200 20126
INFO:requests.packages.urllib3.connectionpool:Starting new HTTPS connection (1): en.wiktionary.org
DEBUG:requests.packages.urllib3.connectionpool:"GET /wiki/canto HTTP/1.1" 200 20126
INFO:requests.packages.urllib3.connectionpool:Starting new HTTPS connection (1): en.wiktionary.org
DEBUG:requests.packages.urllib3.connectionpool:"GET /wiki/canto HTTP/1.1" 200 20126
INFO:requests.packages.urllib3.connectionpool:Starting new HTTPS connection (1): en.wiktionary.org
DEBUG:requests.packages.urllib3.connectionpool:"GET /wiki/canto HTTP/1.1" 200 20126
INFO:requests.packages.urllib3.connectionpool:Starting new HTTPS connection (1): en.wiktionary.org
DEBUG:requests.packages.urllib3.connectionpool:"GET /wiki/canto HTTP/1.1" 200 20126
INFO:requests.packages.urllib3.connectionpool:Starting new HTTPS connection (1): en.wiktionary.org
DEBUG:requests.packages.urllib3.connectionpool:"GET /wiki/canto HTTP/1.1" 200 20126
INFO:requests.packages.urllib3.connectionpool:Starting new HTTPS connection (1): en.wiktionary.org
DEBUG:requests.packages.urllib3.connectionpool:"GET /wiki/canto HTTP/1.1" 200 20126
INFO:requests.packages.urllib3.connectionpool:Starting new HTTPS connection (1): en.wiktionary.org
DEBUG:requests.packages.urllib3.connectionpool:"GET /wiki/canto HTTP/1.1" 200 20126
INFO:requests.packages.urllib3.connectionpool:Starting new HTTPS connection (1): en.wiktionary.org
DEBUG:requests.packages.urllib3.connectionpool:"GET /wiki/canto HTTP/1.1" 200 20126
INFO:requests.packages.urllib3.connectionpool:Starting new HTTPS connection (1): en.wiktionary.org
DEBUG:requests.packages.urllib3.connectionpool:"GET /wiki/canto HTTP/1.1" 200 20126
INFO:requests.packages.urllib3.connectionpool:Starting new HTTPS connection (1): en.wiktionary.org
DEBUG:requests.packages.urllib3.connectionpool:"GET /wiki/canto HTTP/1.1" 200 20126
INFO:requests.packages.urllib3.connectionpool:Starting new HTTPS connection (1): en.wiktionary.org
DEBUG:requests.packages.urllib3.connectionpool:"GET /wiki/canto HTTP/1.1" 200 20126
INFO:requests.packages.urllib3.connectionpool:Starting new HTTPS connection (1): en.wiktionary.org
DEBUG:requests.packages.urllib3.connectionpool:"GET /wiki/canto HTTP/1.1" 200 20126
INFO:requests.packages.urllib3.connectionpool:Starting new HTTPS connection (1): en.wiktionary.org
DEBUG:requests.packages.urllib3.connectionpool:"GET /wiki/canto HTTP/1.1" 200 20126
INFO:requests.packages.urllib3.connectionpool:Starting new HTTPS connection (1): en.wiktionary.org
DEBUG:requests.packages.urllib3.connectionpool:"GET /wiki/canto HTTP/1.1" 200 20126
INFO:requests.packages.urllib3.connectionpool:Starting new HTTPS connection (1): en.wiktionary.org
DEBUG:requests.packages.urllib3.connectionpool:"GET /wiki/canto HTTP/1.1" 200 20126
INFO:requests.packages.urllib3.connectionpool:Starting new HTTPS connection (1): en.wiktionary.org
DEBUG:requests.packages.urllib3.connectionpool:"GET /wiki/canto HTTP/1.1" 200 20126
INFO:requests.packages.urllib3.connectionpool:Starting new HTTPS connection (1): en.wiktionary.org
DEBUG:requests.packages.urllib3.connectionpool:"GET /wiki/canto HTTP/1.1" 200 20126
INFO:requests.packages.urllib3.connectionpool:Starting new HTTPS connection (1): en.wiktionary.org
DEBUG:requests.packages.urllib3.connectionpool:"GET /wiki/canto HTTP/1.1" 200 20126
INFO:requests.packages.urllib3.connectionpool:Starting new HTTPS connection (1): en.wiktionary.org
DEBUG:requests.packages.urllib3.connectionpool:"GET /wiki/canto HTTP/1.1" 200 20126
INFO:requests.packages.urllib3.connectionpool:Starting new HTTPS connection (1): en.wiktionary.org
DEBUG:requests.packages.urllib3.connectionpool:"GET /wiki/canto HTTP/1.1" 200 20126
INFO:requests.packages.urllib3.connectionpool:Starting new HTTPS connection (1): en.wiktionary.org
DEBUG:requests.packages.urllib3.connectionpool:"GET /wiki/canto HTTP/1.1" 200 20126
INFO:requests.packages.urllib3.connectionpool:Starting new HTTPS connection (1): en.wiktionary.org
DEBUG:requests.packages.urllib3.connectionpool:"GET /wiki/canto HTTP/1.1" 200 20126
INFO:requests.packages.urllib3.connectionpool:Starting new HTTPS connection (1): en.wiktionary.org
DEBUG:requests.packages.urllib3.connectionpool:"GET /wiki/canto HTTP/1.1" 200 20126
INFO:requests.packages.urllib3.connectionpool:Starting new HTTPS connection (1): en.wiktionary.org
DEBUG:requests.packages.urllib3.connectionpool:"GET /wiki/canto HTTP/1.1" 200 20126
INFO:requests.packages.urllib3.connectionpool:Starting new HTTPS connection (1): en.wiktionary.org
DEBUG:requests.packages.urllib3.connectionpool:"GET /wiki/canto HTTP/1.1" 200 20126
INFO:requests.packages.urllib3.connectionpool:Starting new HTTPS connection (1): en.wiktionary.org
DEBUG:requests.packages.urllib3.connectionpool:"GET /wiki/canto HTTP/1.1" 200 20126
INFO:requests.packages.urllib3.connectionpool:Starting new HTTPS connection (1): en.wiktionary.org
DEBUG:requests.packages.urllib3.connectionpool:"GET /wiki/canto HTTP/1.1" 200 20126
INFO:requests.packages.urllib3.connectionpool:Starting new HTTPS connection (1): en.wiktionary.org
DEBUG:requests.packages.urllib3.connectionpool:"GET /wiki/canto HTTP/1.1" 200 20126
INFO:requests.packages.urllib3.connectionpool:Starting new HTTPS connection (1): en.wiktionary.org
DEBUG:requests.packages.urllib3.connectionpool:"GET /wiki/canto HTTP/1.1" 200 20126
INFO:requests.packages.urllib3.connectionpool:Starting new HTTPS connection (1): en.wiktionary.org
DEBUG:requests.packages.urllib3.connectionpool:"GET /wiki/canto HTTP/1.1" 200 20126
INFO:requests.packages.urllib3.connectionpool:Starting new HTTPS connection (1): en.wiktionary.org
DEBUG:requests.packages.urllib3.connectionpool:"GET /wiki/canto HTTP/1.1" 200 20126
INFO:requests.packages.urllib3.connectionpool:Starting new HTTPS connection (1): en.wiktionary.org
DEBUG:requests.packages.urllib3.connectionpool:"GET /wiki/canto HTTP/1.1" 200 20126
INFO:requests.packages.urllib3.connectionpool:Starting new HTTPS connection (1): en.wiktionary.org
DEBUG:requests.packages.urllib3.connectionpool:"GET /wiki/canto HTTP/1.1" 200 20126
INFO:requests.packages.urllib3.connectionpool:Starting new HTTPS connection (1): en.wiktionary.org
DEBUG:requests.packages.urllib3.connectionpool:"GET /wiki/canto HTTP/1.1" 200 20126
INFO:requests.packages.urllib3.connectionpool:Starting new HTTPS connection (1): en.wiktionary.org
DEBUG:requests.packages.urllib3.connectionpool:"GET /wiki/canto HTTP/1.1" 200 20126
INFO:requests.packages.urllib3.connectionpool:Starting new HTTPS connection (1): en.wiktionary.org
DEBUG:requests.packages.urllib3.connectionpool:"GET /wiki/canto HTTP/1.1" 200 20126
INFO:requests.packages.urllib3.connectionpool:Starting new HTTPS connection (1): en.wiktionary.org
DEBUG:requests.packages.urllib3.connectionpool:"GET /wiki/canto HTTP/1.1" 200 None
INFO:requests.packages.urllib3.connectionpool:Starting new HTTPS connection (1): en.wiktionary.org
DEBUG:requests.packages.urllib3.connectionpool:"GET /wiki/canto HTTP/1.1" 200 None
INFO:requests.packages.urllib3.connectionpool:Starting new HTTPS connection (1): en.wiktionary.org
DEBUG:requests.packages.urllib3.connectionpool:"GET /wiki/canto HTTP/1.1" 200 20417
INFO:requests.packages.urllib3.connectionpool:Starting new HTTPS connection (1): en.wiktionary.org
DEBUG:requests.packages.urllib3.connectionpool:"GET /wiki/canto HTTP/1.1" 200 20417
INFO:requests.packages.urllib3.connectionpool:Starting new HTTPS connection (1): en.wiktionary.org
DEBUG:requests.packages.urllib3.connectionpool:"GET /wiki/canto HTTP/1.1" 200 20417
INFO:requests.packages.urllib3.connectionpool:Starting new HTTPS connection (1): en.wiktionary.org
DEBUG:requests.packages.urllib3.connectionpool:"GET /wiki/canto HTTP/1.1" 200 20417
INFO:requests.packages.urllib3.connectionpool:Starting new HTTPS connection (1): en.wiktionary.org
DEBUG:requests.packages.urllib3.connectionpool:"GET /wiki/canto HTTP/1.1" 200 20417
INFO:requests.packages.urllib3.connectionpool:Starting new HTTPS connection (1): en.wiktionary.org
DEBUG:requests.packages.urllib3.connectionpool:"GET /wiki/canto HTTP/1.1" 200 20417
INFO:requests.packages.urllib3.connectionpool:Starting new HTTPS connection (1): en.wiktionary.org
DEBUG:requests.packages.urllib3.connectionpool:"GET /wiki/canto HTTP/1.1" 200 20417
INFO:requests.packages.urllib3.connectionpool:Starting new HTTPS connection (1): en.wiktionary.org
DEBUG:requests.packages.urllib3.connectionpool:"GET /wiki/canto HTTP/1.1" 200 20417
INFO:requests.packages.urllib3.connectionpool:Starting new HTTPS connection (1): en.wiktionary.org
DEBUG:requests.packages.urllib3.connectionpool:"GET /wiki/canto HTTP/1.1" 200 20417
INFO:requests.packages.urllib3.connectionpool:Starting new HTTPS connection (1): en.wiktionary.org
DEBUG:requests.packages.urllib3.connectionpool:"GET /wiki/canto HTTP/1.1" 200 20417
INFO:requests.packages.urllib3.connectionpool:Starting new HTTPS connection (1): en.wiktionary.org
DEBUG:requests.packages.urllib3.connectionpool:"GET /wiki/canto HTTP/1.1" 200 20417
INFO:requests.packages.urllib3.connectionpool:Starting new HTTPS connection (1): en.wiktionary.org
DEBUG:requests.packages.urllib3.connectionpool:"GET /wiki/canto HTTP/1.1" 200 20417
INFO:requests.packages.urllib3.connectionpool:Starting new HTTPS connection (1): en.wiktionary.org
DEBUG:requests.packages.urllib3.connectionpool:"GET /wiki/canto HTTP/1.1" 200 20417
INFO:requests.packages.urllib3.connectionpool:Starting new HTTPS connection (1): en.wiktionary.org
DEBUG:requests.packages.urllib3.connectionpool:"GET /wiki/canto HTTP/1.1" 200 20417
INFO:requests.packages.urllib3.connectionpool:Starting new HTTPS connection (1): en.wiktionary.org
DEBUG:requests.packages.urllib3.connectionpool:"GET /wiki/canto HTTP/1.1" 200 20417
INFO:requests.packages.urllib3.connectionpool:Starting new HTTPS connection (1): en.wiktionary.org
DEBUG:requests.packages.urllib3.connectionpool:"GET /wiki/canto HTTP/1.1" 200 20417
INFO:requests.packages.urllib3.connectionpool:Starting new HTTPS connection (1): en.wiktionary.org
DEBUG:requests.packages.urllib3.connectionpool:"GET /wiki/canto HTTP/1.1" 200 20417
INFO:requests.packages.urllib3.connectionpool:Starting new HTTPS connection (1): en.wiktionary.org
DEBUG:requests.packages.urllib3.connectionpool:"GET /wiki/canto HTTP/1.1" 200 20417
INFO:requests.packages.urllib3.connectionpool:Starting new HTTPS connection (1): en.wiktionary.org
DEBUG:requests.packages.urllib3.connectionpool:"GET /wiki/canto HTTP/1.1" 200 20417
INFO:requests.packages.urllib3.connectionpool:Starting new HTTPS connection (1): en.wiktionary.org
DEBUG:requests.packages.urllib3.connectionpool:"GET /wiki/canto HTTP/1.1" 200 20417
INFO:requests.packages.urllib3.connectionpool:Starting new HTTPS connection (1): en.wiktionary.org
DEBUG:requests.packages.urllib3.connectionpool:"GET /wiki/canto HTTP/1.1" 200 20417
INFO:requests.packages.urllib3.connectionpool:Starting new HTTPS connection (1): en.wiktionary.org
DEBUG:requests.packages.urllib3.connectionpool:"GET /wiki/canto HTTP/1.1" 200 20417
INFO:requests.packages.urllib3.connectionpool:Starting new HTTPS connection (1): en.wiktionary.org
DEBUG:requests.packages.urllib3.connectionpool:"GET /wiki/canto HTTP/1.1" 200 20417
INFO:requests.packages.urllib3.connectionpool:Starting new HTTPS connection (1): en.wiktionary.org
DEBUG:requests.packages.urllib3.connectionpool:"GET /wiki/canto HTTP/1.1" 200 20417
INFO:requests.packages.urllib3.connectionpool:Starting new HTTPS connection (1): en.wiktionary.org
DEBUG:requests.packages.urllib3.connectionpool:"GET /wiki/canto HTTP/1.1" 200 20417
INFO:requests.packages.urllib3.connectionpool:Starting new HTTPS connection (1): en.wiktionary.org
DEBUG:requests.packages.urllib3.connectionpool:"GET /wiki/canto HTTP/1.1" 200 20417
INFO:requests.packages.urllib3.connectionpool:Starting new HTTPS connection (1): en.wiktionary.org
DEBUG:requests.packages.urllib3.connectionpool:"GET /wiki/canto HTTP/1.1" 200 20417
INFO:requests.packages.urllib3.connectionpool:Starting new HTTPS connection (1): en.wiktionary.org
DEBUG:requests.packages.urllib3.connectionpool:"GET /wiki/canto HTTP/1.1" 200 20417
INFO:requests.packages.urllib3.connectionpool:Starting new HTTPS connection (1): en.wiktionary.org
DEBUG:requests.packages.urllib3.connectionpool:"GET /wiki/canto HTTP/1.1" 200 20417
INFO:requests.packages.urllib3.connectionpool:Starting new HTTPS connection (1): en.wiktionary.org
DEBUG:requests.packages.urllib3.connectionpool:"GET /wiki/canto HTTP/1.1" 200 20417
INFO:requests.packages.urllib3.connectionpool:Starting new HTTPS connection (1): en.wiktionary.org
DEBUG:requests.packages.urllib3.connectionpool:"GET /wiki/canto HTTP/1.1" 200 20417
INFO:requests.packages.urllib3.connectionpool:Starting new HTTPS connection (1): en.wiktionary.org
DEBUG:requests.packages.urllib3.connectionpool:"GET /wiki/canto HTTP/1.1" 200 20417
INFO:requests.packages.urllib3.connectionpool:Starting new HTTPS connection (1): en.wiktionary.org
DEBUG:requests.packages.urllib3.connectionpool:"GET /wiki/canto HTTP/1.1" 200 20417
INFO:requests.packages.urllib3.connectionpool:Starting new HTTPS connection (1): en.wiktionary.org
DEBUG:requests.packages.urllib3.connectionpool:"GET /wiki/canto HTTP/1.1" 200 20417
INFO:requests.packages.urllib3.connectionpool:Starting new HTTPS connection (1): en.wiktionary.org
DEBUG:requests.packages.urllib3.connectionpool:"GET /wiki/canto HTTP/1.1" 200 20417
INFO:requests.packages.urllib3.connectionpool:Starting new HTTPS connection (1): en.wiktionary.org
DEBUG:requests.packages.urllib3.connectionpool:"GET /wiki/canto HTTP/1.1" 200 20417
INFO:requests.packages.urllib3.connectionpool:Starting new HTTPS connection (1): en.wiktionary.org
DEBUG:requests.packages.urllib3.connectionpool:"GET /wiki/canto HTTP/1.1" 200 20417
INFO:requests.packages.urllib3.connectionpool:Starting new HTTPS connection (1): en.wiktionary.org
DEBUG:requests.packages.urllib3.connectionpool:"GET /wiki/canto HTTP/1.1" 200 20417
INFO:requests.packages.urllib3.connectionpool:Starting new HTTPS connection (1): en.wiktionary.org
DEBUG:requests.packages.urllib3.connectionpool:"GET /wiki/canto HTTP/1.1" 200 20417
INFO:requests.packages.urllib3.connectionpool:Starting new HTTPS connection (1): en.wiktionary.org
DEBUG:requests.packages.urllib3.connectionpool:"GET /wiki/canto HTTP/1.1" 200 20426
INFO:requests.packages.urllib3.connectionpool:Starting new HTTPS connection (1): en.wiktionary.org
DEBUG:requests.packages.urllib3.connectionpool:"GET /wiki/canto HTTP/1.1" 200 20450
INFO:requests.packages.urllib3.connectionpool:Starting new HTTPS connection (1): en.wiktionary.org
DEBUG:requests.packages.urllib3.connectionpool:"GET /wiki/abyme HTTP/1.1" 200 7193
INFO:requests.packages.urllib3.connectionpool:Starting new HTTPS connection (1): en.wiktionary.org
DEBUG:requests.packages.urllib3.connectionpool:"GET /wiki/andante HTTP/1.1" 200 13785
INFO:requests.packages.urllib3.connectionpool:Starting new HTTPS connection (1): en.wiktionary.org
DEBUG:requests.packages.urllib3.connectionpool:"GET /wiki/canto HTTP/1.1" 200 20450
INFO:requests.packages.urllib3.connectionpool:Starting new HTTPS connection (1): en.wiktionary.org
DEBUG:requests.packages.urllib3.connectionpool:"GET /wiki/abyme HTTP/1.1" 200 7193
INFO:requests.packages.urllib3.connectionpool:Starting new HTTPS connection (1): en.wiktionary.org
DEBUG:requests.packages.urllib3.connectionpool:"GET /wiki/andante HTTP/1.1" 200 None
INFO:requests.packages.urllib3.connectionpool:Starting new HTTPS connection (1): en.wiktionary.org
DEBUG:requests.packages.urllib3.connectionpool:"GET /wiki/canto HTTP/1.1" 200 20450
INFO:requests.packages.urllib3.connectionpool:Starting new HTTPS connection (1): en.wiktionary.org
DEBUG:requests.packages.urllib3.connectionpool:"GET /wiki/abyme HTTP/1.1" 200 7193
INFO:requests.packages.urllib3.connectionpool:Starting new HTTPS connection (1): en.wiktionary.org
DEBUG:requests.packages.urllib3.connectionpool:"GET /wiki/andante HTTP/1.1" 200 13787
INFO:requests.packages.urllib3.connectionpool:Starting new HTTPS connection (1): en.wiktionary.org
DEBUG:requests.packages.urllib3.connectionpool:"GET /wiki/canto HTTP/1.1" 200 20450
INFO:requests.packages.urllib3.connectionpool:Starting new HTTPS connection (1): en.wiktionary.org
DEBUG:requests.packages.urllib3.connectionpool:"GET /wiki/abyme HTTP/1.1" 200 7193
INFO:requests.packages.urllib3.connectionpool:Starting new HTTPS connection (1): en.wiktionary.org
DEBUG:requests.packages.urllib3.connectionpool:"GET /wiki/andante HTTP/1.1" 200 13787
INFO:requests.packages.urllib3.connectionpool:Starting new HTTPS connection (1): en.wiktionary.org
DEBUG:requests.packages.urllib3.connectionpool:"GET /wiki/canto HTTP/1.1" 200 None
INFO:requests.packages.urllib3.connectionpool:Starting new HTTPS connection (1): en.wiktionary.org
DEBUG:requests.packages.urllib3.connectionpool:"GET /wiki/abyme HTTP/1.1" 200 7193
INFO:requests.packages.urllib3.connectionpool:Starting new HTTPS connection (1): en.wiktionary.org
DEBUG:requests.packages.urllib3.connectionpool:"GET /wiki/andante HTTP/1.1" 200 13787
INFO:requests.packages.urllib3.connectionpool:Starting new HTTPS connection (1): en.wiktionary.org
DEBUG:requests.packages.urllib3.connectionpool:"GET /wiki/canto HTTP/1.1" 200 20441
INFO:requests.packages.urllib3.connectionpool:Starting new HTTPS connection (1): en.wiktionary.org
DEBUG:requests.packages.urllib3.connectionpool:"GET /wiki/abyme HTTP/1.1" 200 7193
INFO:requests.packages.urllib3.connectionpool:Starting new HTTPS connection (1): en.wiktionary.org
DEBUG:requests.packages.urllib3.connectionpool:"GET /wiki/andante HTTP/1.1" 200 13787
INFO:requests.packages.urllib3.connectionpool:Starting new HTTPS connection (1): en.wiktionary.org
DEBUG:requests.packages.urllib3.connectionpool:"GET /wiki/canto HTTP/1.1" 200 20441
INFO:requests.packages.urllib3.connectionpool:Starting new HTTPS connection (1): en.wiktionary.org
DEBUG:requests.packages.urllib3.connectionpool:"GET /wiki/canto HTTP/1.1" 200 20441
INFO:requests.packages.urllib3.connectionpool:Starting new HTTPS connection (1): en.wiktionary.org
DEBUG:requests.packages.urllib3.connectionpool:"GET /wiki/abyme HTTP/1.1" 200 7193
INFO:requests.packages.urllib3.connectionpool:Starting new HTTPS connection (1): en.wiktionary.org
DEBUG:requests.packages.urllib3.connectionpool:"GET /wiki/andante HTTP/1.1" 200 13787
INFO:requests.packages.urllib3.connectionpool:Starting new HTTPS connection (1): en.wiktionary.org
DEBUG:requests.packages.urllib3.connectionpool:"GET /wiki/canto HTTP/1.1" 200 20441
INFO:requests.packages.urllib3.connectionpool:Starting new HTTPS connection (1): en.wiktionary.org
DEBUG:requests.packages.urllib3.connectionpool:"GET /wiki/canto HTTP/1.1" 200 20441
INFO:requests.packages.urllib3.connectionpool:Starting new HTTPS connection (1): en.wiktionary.org
DEBUG:requests.packages.urllib3.connectionpool:"GET /wiki/canto HTTP/1.1" 200 20441
INFO:requests.packages.urllib3.connectionpool:Starting new HTTPS connection (1): en.wiktionary.org
DEBUG:requests.packages.urllib3.connectionpool:"GET /wiki/canto HTTP/1.1" 200 20441
INFO:requests.packages.urllib3.connectionpool:Starting new HTTPS connection (1): en.wiktionary.org
DEBUG:requests.packages.urllib3.connectionpool:"GET /wiki/abyme HTTP/1.1" 200 7193
INFO:requests.packages.urllib3.connectionpool:Starting new HTTPS connection (1): en.wiktionary.org
DEBUG:requests.packages.urllib3.connectionpool:"GET /wiki/andante HTTP/1.1" 200 13787
INFO:requests.packages.urllib3.connectionpool:Starting new HTTPS connection (1): en.wiktionary.org
DEBUG:requests.packages.urllib3.connectionpool:"GET /wiki/canto HTTP/1.1" 200 20441
INFO:requests.packages.urllib3.connectionpool:Starting new HTTPS connection (1): en.wiktionary.org
DEBUG:requests.packages.urllib3.connectionpool:"GET /wiki/abyme HTTP/1.1" 200 7193
INFO:requests.packages.urllib3.connectionpool:Starting new HTTPS connection (1): en.wiktionary.org
DEBUG:requests.packages.urllib3.connectionpool:"GET /wiki/andante HTTP/1.1" 200 13787
INFO:requests.packages.urllib3.connectionpool:Starting new HTTPS connection (1): en.wiktionary.org
DEBUG:requests.packages.urllib3.connectionpool:"GET /wiki/canto HTTP/1.1" 200 20441
INFO:requests.packages.urllib3.connectionpool:Starting new HTTPS connection (1): en.wiktionary.org
DEBUG:requests.packages.urllib3.connectionpool:"GET /wiki/canto HTTP/1.1" 200 20441
INFO:requests.packages.urllib3.connectionpool:Starting new HTTPS connection (1): en.wiktionary.org
DEBUG:requests.packages.urllib3.connectionpool:"GET /wiki/canto HTTP/1.1" 200 20441
INFO:requests.packages.urllib3.connectionpool:Starting new HTTPS connection (1): en.wiktionary.org
DEBUG:requests.packages.urllib3.connectionpool:"GET /wiki/abyme HTTP/1.1" 200 7193
INFO:requests.packages.urllib3.connectionpool:Starting new HTTPS connection (1): en.wiktionary.org
DEBUG:requests.packages.urllib3.connectionpool:"GET /wiki/andante HTTP/1.1" 200 13787
INFO:requests.packages.urllib3.connectionpool:Starting new HTTPS connection (1): en.wiktionary.org
DEBUG:requests.packages.urllib3.connectionpool:"GET /wiki/canto HTTP/1.1" 200 20441
INFO:requests.packages.urllib3.connectionpool:Starting new HTTPS connection (1): en.wiktionary.org
DEBUG:requests.packages.urllib3.connectionpool:"GET /wiki/canto HTTP/1.1" 200 20441
INFO:requests.packages.urllib3.connectionpool:Starting new HTTPS connection (1): en.wiktionary.org
DEBUG:requests.packages.urllib3.connectionpool:"GET /wiki/canto HTTP/1.1" 200 20441
INFO:requests.packages.urllib3.connectionpool:Starting new HTTPS connection (1): en.wiktionary.org
DEBUG:requests.packages.urllib3.connectionpool:"GET /wiki/canto HTTP/1.1" 200 20441
INFO:requests.packages.urllib3.connectionpool:Starting new HTTPS connection (1): en.wiktionary.org
DEBUG:requests.packages.urllib3.connectionpool:"GET /wiki/abyme HTTP/1.1" 200 7193
INFO:requests.packages.urllib3.connectionpool:Starting new HTTPS connection (1): en.wiktionary.org
DEBUG:requests.packages.urllib3.connectionpool:"GET /wiki/andante HTTP/1.1" 200 13787
INFO:requests.packages.urllib3.connectionpool:Starting new HTTPS connection (1): en.wiktionary.org
DEBUG:requests.packages.urllib3.connectionpool:"GET /wiki/canto HTTP/1.1" 200 20441
INFO:requests.packages.urllib3.connectionpool:Starting new HTTPS connection (1): en.wiktionary.org
DEBUG:requests.packages.urllib3.connectionpool:"GET /wiki/canto HTTP/1.1" 200 20441
INFO:requests.packages.urllib3.connectionpool:Starting new HTTPS connection (1): en.wiktionary.org
DEBUG:requests.packages.urllib3.connectionpool:"GET /wiki/canto HTTP/1.1" 200 20441
INFO:requests.packages.urllib3.connectionpool:Starting new HTTPS connection (1): en.wiktionary.org
DEBUG:requests.packages.urllib3.connectionpool:"GET /wiki/canto HTTP/1.1" 200 20441
INFO:requests.packages.urllib3.connectionpool:Starting new HTTPS connection (1): en.wiktionary.org
DEBUG:requests.packages.urllib3.connectionpool:"GET /wiki/abyme HTTP/1.1" 200 7193
INFO:requests.packages.urllib3.connectionpool:Starting new HTTPS connection (1): en.wiktionary.org
DEBUG:requests.packages.urllib3.connectionpool:"GET /wiki/andante HTTP/1.1" 200 13787
INFO:requests.packages.urllib3.connectionpool:Starting new HTTPS connection (1): en.wiktionary.org
DEBUG:requests.packages.urllib3.connectionpool:"GET /wiki/canto HTTP/1.1" 200 20433
INFO:requests.packages.urllib3.connectionpool:Starting new HTTPS connection (1): en.wiktionary.org
DEBUG:requests.packages.urllib3.connectionpool:"GET /wiki/abyme HTTP/1.1" 200 None
INFO:requests.packages.urllib3.connectionpool:Starting new HTTPS connection (1): en.wiktionary.org
DEBUG:requests.packages.urllib3.connectionpool:"GET /wiki/andante HTTP/1.1" 200 13783
INFO:requests.packages.urllib3.connectionpool:Starting new HTTPS connection (1): en.wiktionary.org
DEBUG:requests.packages.urllib3.connectionpool:"GET /wiki/canto HTTP/1.1" 200 20433
INFO:requests.packages.urllib3.connectionpool:Starting new HTTPS connection (1): en.wiktionary.org
DEBUG:requests.packages.urllib3.connectionpool:"GET /wiki/abyme HTTP/1.1" 200 7181
INFO:requests.packages.urllib3.connectionpool:Starting new HTTPS connection (1): en.wiktionary.org
DEBUG:requests.packages.urllib3.connectionpool:"GET /wiki/andante HTTP/1.1" 200 13783
INFO:requests.packages.urllib3.connectionpool:Starting new HTTPS connection (1): en.wiktionary.org
DEBUG:requests.packages.urllib3.connectionpool:"GET /wiki/canto HTTP/1.1" 200 20433
INFO:requests.packages.urllib3.connectionpool:Starting new HTTPS connection (1): en.wiktionary.org
DEBUG:requests.packages.urllib3.connectionpool:"GET /wiki/abyme HTTP/1.1" 200 7185
INFO:requests.packages.urllib3.connectionpool:Starting new HTTPS connection (1): en.wiktionary.org
DEBUG:requests.packages.urllib3.connectionpool:"GET /wiki/andante HTTP/1.1" 200 13783
INFO:requests.packages.urllib3.connectionpool:Starting new HTTPS connection (1): en.wiktionary.org
DEBUG:requests.packages.urllib3.connectionpool:"GET /wiki/canto HTTP/1.1" 200 20446
INFO:requests.packages.urllib3.connectionpool:Starting new HTTPS connection (1): en.wiktionary.org
DEBUG:requests.packages.urllib3.connectionpool:"GET /wiki/canto HTTP/1.1" 200 20446
INFO:requests.packages.urllib3.connectionpool:Starting new HTTPS connection (1): en.wiktionary.org
DEBUG:requests.packages.urllib3.connectionpool:"GET /wiki/canto HTTP/1.1" 200 20446
INFO:requests.packages.urllib3.connectionpool:Starting new HTTPS connection (1): en.wiktionary.org
DEBUG:requests.packages.urllib3.connectionpool:"GET /wiki/canto HTTP/1.1" 200 20446
INFO:requests.packages.urllib3.connectionpool:Starting new HTTPS connection (1): en.wiktionary.org
DEBUG:requests.packages.urllib3.connectionpool:"GET /wiki/canto HTTP/1.1" 200 20446
INFO:requests.packages.urllib3.connectionpool:Starting new HTTPS connection (1): en.wiktionary.org
DEBUG:requests.packages.urllib3.connectionpool:"GET /wiki/canto HTTP/1.1" 200 20446
INFO:requests.packages.urllib3.connectionpool:Starting new HTTPS connection (1): en.wiktionary.org
DEBUG:requests.packages.urllib3.connectionpool:"GET /wiki/canto HTTP/1.1" 200 20446
INFO:requests.packages.urllib3.connectionpool:Starting new HTTPS connection (1): en.wiktionary.org
DEBUG:requests.packages.urllib3.connectionpool:"GET /wiki/canto HTTP/1.1" 200 20446
INFO:requests.packages.urllib3.connectionpool:Starting new HTTPS connection (1): en.wiktionary.org
DEBUG:requests.packages.urllib3.connectionpool:"GET /wiki/canto HTTP/1.1" 200 20446
INFO:requests.packages.urllib3.connectionpool:Starting new HTTPS connection (1): en.wiktionary.org
DEBUG:requests.packages.urllib3.connectionpool:"GET /wiki/canto HTTP/1.1" 200 20446
INFO:requests.packages.urllib3.connectionpool:Starting new HTTPS connection (1): en.wiktionary.org
DEBUG:requests.packages.urllib3.connectionpool:"GET /wiki/canto HTTP/1.1" 200 20446
INFO:requests.packages.urllib3.connectionpool:Starting new HTTPS connection (1): en.wiktionary.org
DEBUG:requests.packages.urllib3.connectionpool:"GET /wiki/canto HTTP/1.1" 200 20446
INFO:requests.packages.urllib3.connectionpool:Starting new HTTPS connection (1): en.wiktionary.org
DEBUG:requests.packages.urllib3.connectionpool:"GET /wiki/canto HTTP/1.1" 200 20446
INFO:requests.packages.urllib3.connectionpool:Starting new HTTPS connection (1): en.wiktionary.org
DEBUG:requests.packages.urllib3.connectionpool:"GET /wiki/canto HTTP/1.1" 200 20446
INFO:requests.packages.urllib3.connectionpool:Starting new HTTPS connection (1): en.wiktionary.org
DEBUG:requests.packages.urllib3.connectionpool:"GET /wiki/canto HTTP/1.1" 200 20446
INFO:requests.packages.urllib3.connectionpool:Starting new HTTPS connection (1): en.wiktionary.org
DEBUG:requests.packages.urllib3.connectionpool:"GET /wiki/canto HTTP/1.1" 200 20446
INFO:requests.packages.urllib3.connectionpool:Starting new HTTPS connection (1): en.wiktionary.org
DEBUG:requests.packages.urllib3.connectionpool:"GET /wiki/canto HTTP/1.1" 200 20446
INFO:requests.packages.urllib3.connectionpool:Starting new HTTPS connection (1): en.wiktionary.org
DEBUG:requests.packages.urllib3.connectionpool:"GET /wiki/canto HTTP/1.1" 200 20446
INFO:requests.packages.urllib3.connectionpool:Starting new HTTPS connection (1): en.wiktionary.org
DEBUG:requests.packages.urllib3.connectionpool:"GET /wiki/canto HTTP/1.1" 200 20446
INFO:requests.packages.urllib3.connectionpool:Starting new HTTPS connection (1): en.wiktionary.org
DEBUG:requests.packages.urllib3.connectionpool:"GET /wiki/canto HTTP/1.1" 200 20446
INFO:requests.packages.urllib3.connectionpool:Starting new HTTPS connection (1): en.wiktionary.org
DEBUG:requests.packages.urllib3.connectionpool:"GET /wiki/canto HTTP/1.1" 200 20446
INFO:requests.packages.urllib3.connectionpool:Starting new HTTPS connection (1): en.wiktionary.org
DEBUG:requests.packages.urllib3.connectionpool:"GET /wiki/canto HTTP/1.1" 200 20446
INFO:requests.packages.urllib3.connectionpool:Starting new HTTPS connection (1): en.wiktionary.org
DEBUG:requests.packages.urllib3.connectionpool:"GET /wiki/canto HTTP/1.1" 200 20446
INFO:requests.packages.urllib3.connectionpool:Starting new HTTPS connection (1): en.wiktionary.org
DEBUG:requests.packages.urllib3.connectionpool:"GET /wiki/canto HTTP/1.1" 200 20446
INFO:requests.packages.urllib3.connectionpool:Starting new HTTPS connection (1): en.wiktionary.org
DEBUG:requests.packages.urllib3.connectionpool:"GET /wiki/canto HTTP/1.1" 200 20446
INFO:requests.packages.urllib3.connectionpool:Starting new HTTPS connection (1): en.wiktionary.org
DEBUG:requests.packages.urllib3.connectionpool:"GET /wiki/canto HTTP/1.1" 200 20446
INFO:requests.packages.urllib3.connectionpool:Starting new HTTPS connection (1): en.wiktionary.org
DEBUG:requests.packages.urllib3.connectionpool:"GET /wiki/canto HTTP/1.1" 200 20446
INFO:requests.packages.urllib3.connectionpool:Starting new HTTPS connection (1): en.wiktionary.org
DEBUG:requests.packages.urllib3.connectionpool:"GET /wiki/canto HTTP/1.1" 200 20446
INFO:requests.packages.urllib3.connectionpool:Starting new HTTPS connection (1): en.wiktionary.org
DEBUG:requests.packages.urllib3.connectionpool:"GET /wiki/canto HTTP/1.1" 200 20446
INFO:requests.packages.urllib3.connectionpool:Starting new HTTPS connection (1): en.wiktionary.org
DEBUG:requests.packages.urllib3.connectionpool:"GET /wiki/canto HTTP/1.1" 200 20446
INFO:requests.packages.urllib3.connectionpool:Starting new HTTPS connection (1): en.wiktionary.org
DEBUG:requests.packages.urllib3.connectionpool:"GET /wiki/canto HTTP/1.1" 200 20446
INFO:requests.packages.urllib3.connectionpool:Starting new HTTPS connection (1): en.wiktionary.org
DEBUG:requests.packages.urllib3.connectionpool:"GET /wiki/canto HTTP/1.1" 200 20446
INFO:requests.packages.urllib3.connectionpool:Starting new HTTPS connection (1): en.wiktionary.org
DEBUG:requests.packages.urllib3.connectionpool:"GET /wiki/canto HTTP/1.1" 200 20446
INFO:requests.packages.urllib3.connectionpool:Starting new HTTPS connection (1): en.wiktionary.org
DEBUG:requests.packages.urllib3.connectionpool:"GET /wiki/canto HTTP/1.1" 200 20446
INFO:requests.packages.urllib3.connectionpool:Starting new HTTPS connection (1): en.wiktionary.org
DEBUG:requests.packages.urllib3.connectionpool:"GET /wiki/canto HTTP/1.1" 200 20446
INFO:requests.packages.urllib3.connectionpool:Starting new HTTPS connection (1): en.wiktionary.org
DEBUG:requests.packages.urllib3.connectionpool:"GET /wiki/canto HTTP/1.1" 200 20446
INFO:requests.packages.urllib3.connectionpool:Starting new HTTPS connection (1): en.wiktionary.org
DEBUG:requests.packages.urllib3.connectionpool:"GET /wiki/canto HTTP/1.1" 200 20446
INFO:requests.packages.urllib3.connectionpool:Starting new HTTPS connection (1): en.wiktionary.org
DEBUG:requests.packages.urllib3.connectionpool:"GET /wiki/canto HTTP/1.1" 200 20446
INFO:requests.packages.urllib3.connectionpool:Starting new HTTPS connection (1): en.wiktionary.org
DEBUG:requests.packages.urllib3.connectionpool:"GET /wiki/canto HTTP/1.1" 200 20446
INFO:requests.packages.urllib3.connectionpool:Starting new HTTPS connection (1): en.wiktionary.org
DEBUG:requests.packages.urllib3.connectionpool:"GET /wiki/canto HTTP/1.1" 200 20446
INFO:requests.packages.urllib3.connectionpool:Starting new HTTPS connection (1): en.wiktionary.org
DEBUG:requests.packages.urllib3.connectionpool:"GET /wiki/canto HTTP/1.1" 200 20446
INFO:requests.packages.urllib3.connectionpool:Starting new HTTPS connection (1): en.wiktionary.org
DEBUG:requests.packages.urllib3.connectionpool:"GET /wiki/canto HTTP/1.1" 200 20446
INFO:requests.packages.urllib3.connectionpool:Starting new HTTPS connection (1): en.wiktionary.org
DEBUG:requests.packages.urllib3.connectionpool:"GET /wiki/canto HTTP/1.1" 200 20446
INFO:requests.packages.urllib3.connectionpool:Starting new HTTPS connection (1): en.wiktionary.org
DEBUG:requests.packages.urllib3.connectionpool:"GET /wiki/canto HTTP/1.1" 200 20446
INFO:requests.packages.urllib3.connectionpool:Starting new HTTPS connection (1): en.wiktionary.org
DEBUG:requests.packages.urllib3.connectionpool:"GET /wiki/canto HTTP/1.1" 200 20446
INFO:requests.packages.urllib3.connectionpool:Starting new HTTPS connection (1): en.wiktionary.org
DEBUG:requests.packages.urllib3.connectionpool:"GET /wiki/canto HTTP/1.1" 200 20446
INFO:requests.packages.urllib3.connectionpool:Starting new HTTPS connection (1): en.wiktionary.org
DEBUG:requests.packages.urllib3.connectionpool:"GET /wiki/canto HTTP/1.1" 200 20446
INFO:requests.packages.urllib3.connectionpool:Starting new HTTPS connection (1): en.wiktionary.org
DEBUG:requests.packages.urllib3.connectionpool:"GET /wiki/canto HTTP/1.1" 200 20446
INFO:requests.packages.urllib3.connectionpool:Starting new HTTPS connection (1): en.wiktionary.org
DEBUG:requests.packages.urllib3.connectionpool:"GET /wiki/canto HTTP/1.1" 200 20446
INFO:requests.packages.urllib3.connectionpool:Starting new HTTPS connection (1): en.wiktionary.org
DEBUG:requests.packages.urllib3.connectionpool:"GET /wiki/canto HTTP/1.1" 200 20446
INFO:requests.packages.urllib3.connectionpool:Starting new HTTPS connection (1): en.wiktionary.org
DEBUG:requests.packages.urllib3.connectionpool:"GET /wiki/canto HTTP/1.1" 200 20446
INFO:requests.packages.urllib3.connectionpool:Starting new HTTPS connection (1): en.wiktionary.org
DEBUG:requests.packages.urllib3.connectionpool:"GET /wiki/canto HTTP/1.1" 200 20446
INFO:requests.packages.urllib3.connectionpool:Starting new HTTPS connection (1): en.wiktionary.org
DEBUG:requests.packages.urllib3.connectionpool:"GET /wiki/canto HTTP/1.1" 200 20446
INFO:requests.packages.urllib3.connectionpool:Starting new HTTPS connection (1): en.wiktionary.org
DEBUG:requests.packages.urllib3.connectionpool:"GET /wiki/canto HTTP/1.1" 200 20446
INFO:requests.packages.urllib3.connectionpool:Starting new HTTPS connection (1): en.wiktionary.org
DEBUG:requests.packages.urllib3.connectionpool:"GET /wiki/canto HTTP/1.1" 200 20446
INFO:requests.packages.urllib3.connectionpool:Starting new HTTPS connection (1): en.wiktionary.org
DEBUG:requests.packages.urllib3.connectionpool:"GET /wiki/canto HTTP/1.1" 200 20446
INFO:requests.packages.urllib3.connectionpool:Starting new HTTPS connection (1): en.wiktionary.org
DEBUG:requests.packages.urllib3.connectionpool:"GET /wiki/canto HTTP/1.1" 200 20446
INFO:requests.packages.urllib3.connectionpool:Starting new HTTPS connection (1): en.wiktionary.org
DEBUG:requests.packages.urllib3.connectionpool:"GET /wiki/canto HTTP/1.1" 200 20446
INFO:requests.packages.urllib3.connectionpool:Starting new HTTPS connection (1): en.wiktionary.org
DEBUG:requests.packages.urllib3.connectionpool:"GET /wiki/canto HTTP/1.1" 200 20446
INFO:requests.packages.urllib3.connectionpool:Starting new HTTPS connection (1): en.wiktionary.org
DEBUG:requests.packages.urllib3.connectionpool:"GET /wiki/canto HTTP/1.1" 200 20446
INFO:requests.packages.urllib3.connectionpool:Starting new HTTPS connection (1): en.wiktionary.org
DEBUG:requests.packages.urllib3.connectionpool:"GET /wiki/canto HTTP/1.1" 200 20446
INFO:requests.packages.urllib3.connectionpool:Starting new HTTPS connection (1): en.wiktionary.org
DEBUG:requests.packages.urllib3.connectionpool:"GET /wiki/canto HTTP/1.1" 200 20446
INFO:requests.packages.urllib3.connectionpool:Starting new HTTPS connection (1): en.wiktionary.org
DEBUG:requests.packages.urllib3.connectionpool:"GET /wiki/canto HTTP/1.1" 200 20446
INFO:requests.packages.urllib3.connectionpool:Starting new HTTPS connection (1): en.wiktionary.org
DEBUG:requests.packages.urllib3.connectionpool:"GET /wiki/canto HTTP/1.1" 200 20446
INFO:requests.packages.urllib3.connectionpool:Starting new HTTPS connection (1): en.wiktionary.org
DEBUG:requests.packages.urllib3.connectionpool:"GET /wiki/canto HTTP/1.1" 200 20446
INFO:requests.packages.urllib3.connectionpool:Starting new HTTPS connection (1): en.wiktionary.org
DEBUG:requests.packages.urllib3.connectionpool:"GET /wiki/canto HTTP/1.1" 200 20446
INFO:requests.packages.urllib3.connectionpool:Starting new HTTPS connection (1): en.wiktionary.org
DEBUG:requests.packages.urllib3.connectionpool:"GET /wiki/canto HTTP/1.1" 200 20446
INFO:requests.packages.urllib3.connectionpool:Starting new HTTPS connection (1): en.wiktionary.org
DEBUG:requests.packages.urllib3.connectionpool:"GET /wiki/canto HTTP/1.1" 200 20446
INFO:requests.packages.urllib3.connectionpool:Starting new HTTPS connection (1): en.wiktionary.org
DEBUG:requests.packages.urllib3.connectionpool:"GET /wiki/canto HTTP/1.1" 200 20446
INFO:requests.packages.urllib3.connectionpool:Starting new HTTPS connection (1): en.wiktionary.org
DEBUG:requests.packages.urllib3.connectionpool:"GET /wiki/canto HTTP/1.1" 200 20446
INFO:requests.packages.urllib3.connectionpool:Starting new HTTPS connection (1): en.wiktionary.org
DEBUG:requests.packages.urllib3.connectionpool:"GET /wiki/canto HTTP/1.1" 200 20446
INFO:requests.packages.urllib3.connectionpool:Starting new HTTPS connection (1): en.wiktionary.org
DEBUG:requests.packages.urllib3.connectionpool:"GET /wiki/canto HTTP/1.1" 200 20446
INFO:requests.packages.urllib3.connectionpool:Starting new HTTPS connection (1): en.wiktionary.org
DEBUG:requests.packages.urllib3.connectionpool:"GET /wiki/canto HTTP/1.1" 200 20446
INFO:requests.packages.urllib3.connectionpool:Starting new HTTPS connection (1): en.wiktionary.org
DEBUG:requests.packages.urllib3.connectionpool:"GET /wiki/canto HTTP/1.1" 200 20446
INFO:requests.packages.urllib3.connectionpool:Starting new HTTPS connection (1): en.wiktionary.org
DEBUG:requests.packages.urllib3.connectionpool:"GET /wiki/hablar HTTP/1.1" 200 12889
INFO:requests.packages.urllib3.connectionpool:Starting new HTTPS connection (1): en.wiktionary.org
DEBUG:requests.packages.urllib3.connectionpool:"GET /wiki/canto HTTP/1.1" 200 20446
INFO:requests.packages.urllib3.connectionpool:Starting new HTTPS connection (1): en.wiktionary.org
DEBUG:requests.packages.urllib3.connectionpool:"GET /wiki/hablar HTTP/1.1" 200 12889
INFO:requests.packages.urllib3.connectionpool:Starting new HTTPS connection (1): en.wiktionary.org
DEBUG:requests.packages.urllib3.connectionpool:"GET /wiki/canto HTTP/1.1" 200 20446
INFO:requests.packages.urllib3.connectionpool:Starting new HTTPS connection (1): en.wiktionary.org
DEBUG:requests.packages.urllib3.connectionpool:"GET /wiki/hablar HTTP/1.1" 200 12889
INFO:requests.packages.urllib3.connectionpool:Starting new HTTPS connection (1): en.wiktionary.org
DEBUG:requests.packages.urllib3.connectionpool:"GET /wiki/canto HTTP/1.1" 200 20446
INFO:requests.packages.urllib3.connectionpool:Starting new HTTPS connection (1): en.wiktionary.org
DEBUG:requests.packages.urllib3.connectionpool:"GET /wiki/hablar HTTP/1.1" 200 12889
INFO:requests.packages.urllib3.connectionpool:Starting new HTTPS connection (1): en.wiktionary.org
DEBUG:requests.packages.urllib3.connectionpool:"GET /wiki/canto HTTP/1.1" 200 20446
INFO:requests.packages.urllib3.connectionpool:Starting new HTTPS connection (1): en.wiktionary.org
DEBUG:requests.packages.urllib3.connectionpool:"GET /wiki/hablar HTTP/1.1" 200 12889
INFO:requests.packages.urllib3.connectionpool:Starting new HTTPS connection (1): en.wiktionary.org
DEBUG:requests.packages.urllib3.connectionpool:"GET /wiki/canto HTTP/1.1" 200 20446
INFO:requests.packages.urllib3.connectionpool:Starting new HTTPS connection (1): en.wiktionary.org
DEBUG:requests.packages.urllib3.connectionpool:"GET /wiki/hablar HTTP/1.1" 200 12889
INFO:requests.packages.urllib3.connectionpool:Starting new HTTPS connection (1): en.wiktionary.org
DEBUG:requests.packages.urllib3.connectionpool:"GET /wiki/canto HTTP/1.1" 200 20446
INFO:requests.packages.urllib3.connectionpool:Starting new HTTPS connection (1): en.wiktionary.org
DEBUG:requests.packages.urllib3.connectionpool:"GET /wiki/hablar HTTP/1.1" 200 12889
INFO:requests.packages.urllib3.connectionpool:Starting new HTTPS connection (1): en.wiktionary.org
DEBUG:requests.packages.urllib3.connectionpool:"GET /wiki/canto HTTP/1.1" 200 20446
INFO:requests.packages.urllib3.connectionpool:Starting new HTTPS connection (1): en.wiktionary.org
DEBUG:requests.packages.urllib3.connectionpool:"GET /wiki/hablar HTTP/1.1" 200 12889
INFO:requests.packages.urllib3.connectionpool:Starting new HTTPS connection (1): en.wiktionary.org
DEBUG:requests.packages.urllib3.connectionpool:"GET /wiki/ante HTTP/1.1" 200 20166
INFO:requests.packages.urllib3.connectionpool:Starting new HTTPS connection (1): en.wiktionary.org
DEBUG:requests.packages.urllib3.connectionpool:"GET /wiki/cenare HTTP/1.1" 200 9409
INFO:requests.packages.urllib3.connectionpool:Starting new HTTPS connection (1): en.wiktionary.org
DEBUG:requests.packages.urllib3.connectionpool:"GET /wiki/canto HTTP/1.1" 200 20446
INFO:requests.packages.urllib3.connectionpool:Starting new HTTPS connection (1): en.wiktionary.org
DEBUG:requests.packages.urllib3.connectionpool:"GET /wiki/hablar HTTP/1.1" 200 12889
INFO:requests.packages.urllib3.connectionpool:Starting new HTTPS connection (1): en.wiktionary.org
DEBUG:requests.packages.urllib3.connectionpool:"GET /wiki/ante HTTP/1.1" 200 20166
INFO:requests.packages.urllib3.connectionpool:Starting new HTTPS connection (1): en.wiktionary.org
DEBUG:requests.packages.urllib3.connectionpool:"GET /wiki/cenare HTTP/1.1" 200 9409
INFO:requests.packages.urllib3.connectionpool:Starting new HTTPS connection (1): en.wiktionary.org
DEBUG:requests.packages.urllib3.connectionpool:"GET /wiki/canto HTTP/1.1" 200 20446
INFO:requests.packages.urllib3.connectionpool:Starting new HTTPS connection (1): en.wiktionary.org
DEBUG:requests.packages.urllib3.connectionpool:"GET /wiki/hablar HTTP/1.1" 200 12889
INFO:requests.packages.urllib3.connectionpool:Starting new HTTPS connection (1): en.wiktionary.org
DEBUG:requests.packages.urllib3.connectionpool:"GET /wiki/ante HTTP/1.1" 200 20166
INFO:requests.packages.urllib3.connectionpool:Starting new HTTPS connection (1): en.wiktionary.org
DEBUG:requests.packages.urllib3.connectionpool:"GET /wiki/cenare HTTP/1.1" 200 9409
INFO:requests.packages.urllib3.connectionpool:Starting new HTTPS connection (1): en.wiktionary.org
DEBUG:requests.packages.urllib3.connectionpool:"GET /wiki/canto HTTP/1.1" 200 20446
INFO:requests.packages.urllib3.connectionpool:Starting new HTTPS connection (1): en.wiktionary.org
DEBUG:requests.packages.urllib3.connectionpool:"GET /wiki/hablar HTTP/1.1" 200 12889
INFO:requests.packages.urllib3.connectionpool:Starting new HTTPS connection (1): en.wiktionary.org
DEBUG:requests.packages.urllib3.connectionpool:"GET /wiki/ante HTTP/1.1" 200 20166
INFO:requests.packages.urllib3.connectionpool:Starting new HTTPS connection (1): en.wiktionary.org
DEBUG:requests.packages.urllib3.connectionpool:"GET /wiki/cenare HTTP/1.1" 200 9409
INFO:requests.packages.urllib3.connectionpool:Starting new HTTPS connection (1): en.wiktionary.org
DEBUG:requests.packages.urllib3.connectionpool:"GET /wiki/canto HTTP/1.1" 200 20446
INFO:requests.packages.urllib3.connectionpool:Starting new HTTPS connection (1): en.wiktionary.org
DEBUG:requests.packages.urllib3.connectionpool:"GET /wiki/hablar HTTP/1.1" 200 12889
INFO:requests.packages.urllib3.connectionpool:Starting new HTTPS connection (1): en.wiktionary.org
DEBUG:requests.packages.urllib3.connectionpool:"GET /wiki/ante HTTP/1.1" 200 20166
INFO:requests.packages.urllib3.connectionpool:Starting new HTTPS connection (1): en.wiktionary.org
DEBUG:requests.packages.urllib3.connectionpool:"GET /wiki/cenare HTTP/1.1" 200 9409
INFO:requests.packages.urllib3.connectionpool:Starting new HTTPS connection (1): en.wiktionary.org
DEBUG:requests.packages.urllib3.connectionpool:"GET /wiki/canto HTTP/1.1" 200 20446
INFO:requests.packages.urllib3.connectionpool:Starting new HTTPS connection (1): en.wiktionary.org
DEBUG:requests.packages.urllib3.connectionpool:"GET /wiki/hablar HTTP/1.1" 200 12889
INFO:requests.packages.urllib3.connectionpool:Starting new HTTPS connection (1): en.wiktionary.org
DEBUG:requests.packages.urllib3.connectionpool:"GET /wiki/ante HTTP/1.1" 200 20166
INFO:requests.packages.urllib3.connectionpool:Starting new HTTPS connection (1): en.wiktionary.org
DEBUG:requests.packages.urllib3.connectionpool:"GET /wiki/cenare HTTP/1.1" 200 9409
INFO:requests.packages.urllib3.connectionpool:Starting new HTTPS connection (1): en.wiktionary.org
DEBUG:requests.packages.urllib3.connectionpool:"GET /wiki/canto HTTP/1.1" 200 20349
INFO:requests.packages.urllib3.connectionpool:Starting new HTTPS connection (1): en.wiktionary.org
DEBUG:requests.packages.urllib3.connectionpool:"GET /wiki/hablar HTTP/1.1" 200 12806
INFO:requests.packages.urllib3.connectionpool:Starting new HTTPS connection (1): en.wiktionary.org
DEBUG:requests.packages.urllib3.connectionpool:"GET /wiki/ante HTTP/1.1" 200 20064
INFO:requests.packages.urllib3.connectionpool:Starting new HTTPS connection (1): en.wiktionary.org
DEBUG:requests.packages.urllib3.connectionpool:"GET /wiki/cenare HTTP/1.1" 200 None
INFO:requests.packages.urllib3.connectionpool:Starting new HTTPS connection (1): en.wiktionary.org
DEBUG:requests.packages.urllib3.connectionpool:"GET /wiki/canto HTTP/1.1" 200 20350
INFO:requests.packages.urllib3.connectionpool:Starting new HTTPS connection (1): en.wiktionary.org
DEBUG:requests.packages.urllib3.connectionpool:"GET /wiki/hablar HTTP/1.1" 200 12806
INFO:requests.packages.urllib3.connectionpool:Starting new HTTPS connection (1): en.wiktionary.org
DEBUG:requests.packages.urllib3.connectionpool:"GET /wiki/ante HTTP/1.1" 200 20064
INFO:requests.packages.urllib3.connectionpool:Starting new HTTPS connection (1): en.wiktionary.org
DEBUG:requests.packages.urllib3.connectionpool:"GET /wiki/cenare HTTP/1.1" 200 9324
INFO:requests.packages.urllib3.connectionpool:Starting new HTTPS connection (1): en.wiktionary.org
DEBUG:requests.packages.urllib3.connectionpool:"GET /wiki/canto HTTP/1.1" 200 20349
INFO:requests.packages.urllib3.connectionpool:Starting new HTTPS connection (1): en.wiktionary.org
DEBUG:requests.packages.urllib3.connectionpool:"GET /wiki/hablar HTTP/1.1" 200 12806
INFO:requests.packages.urllib3.connectionpool:Starting new HTTPS connection (1): en.wiktionary.org
DEBUG:requests.packages.urllib3.connectionpool:"GET /wiki/ante HTTP/1.1" 200 20064
INFO:requests.packages.urllib3.connectionpool:Starting new HTTPS connection (1): en.wiktionary.org
DEBUG:requests.packages.urllib3.connectionpool:"GET /wiki/cenare HTTP/1.1" 200 9324
INFO:requests.packages.urllib3.connectionpool:Starting new HTTPS connection (1): en.wiktionary.org
DEBUG:requests.packages.urllib3.connectionpool:"GET /wiki/canto HTTP/1.1" 200 20349
INFO:requests.packages.urllib3.connectionpool:Starting new HTTPS connection (1): en.wiktionary.org
DEBUG:requests.packages.urllib3.connectionpool:"GET /wiki/hablar HTTP/1.1" 200 12806
INFO:requests.packages.urllib3.connectionpool:Starting new HTTPS connection (1): en.wiktionary.org
DEBUG:requests.packages.urllib3.connectionpool:"GET /wiki/ante HTTP/1.1" 200 20064
INFO:requests.packages.urllib3.connectionpool:Starting new HTTPS connection (1): en.wiktionary.org
DEBUG:requests.packages.urllib3.connectionpool:"GET /wiki/cenare HTTP/1.1" 200 9324
INFO:requests.packages.urllib3.connectionpool:Starting new HTTPS connection (1): en.wiktionary.org
DEBUG:requests.packages.urllib3.connectionpool:"GET /wiki/canto HTTP/1.1" 200 20349
INFO:requests.packages.urllib3.connectionpool:Starting new HTTPS connection (1): en.wiktionary.org
DEBUG:requests.packages.urllib3.connectionpool:"GET /wiki/hablar HTTP/1.1" 200 12806
INFO:requests.packages.urllib3.connectionpool:Starting new HTTPS connection (1): en.wiktionary.org
DEBUG:requests.packages.urllib3.connectionpool:"GET /wiki/ante HTTP/1.1" 200 20064
INFO:requests.packages.urllib3.connectionpool:Starting new HTTPS connection (1): en.wiktionary.org
DEBUG:requests.packages.urllib3.connectionpool:"GET /wiki/cenare HTTP/1.1" 200 9324
INFO:requests.packages.urllib3.connectionpool:Starting new HTTPS connection (1): en.wiktionary.org
DEBUG:requests.packages.urllib3.connectionpool:"GET /wiki/canto HTTP/1.1" 200 20349
INFO:requests.packages.urllib3.connectionpool:Starting new HTTPS connection (1): en.wiktionary.org
DEBUG:requests.packages.urllib3.connectionpool:"GET /wiki/hablar HTTP/1.1" 200 12806
INFO:requests.packages.urllib3.connectionpool:Starting new HTTPS connection (1): en.wiktionary.org
DEBUG:requests.packages.urllib3.connectionpool:"GET /wiki/ante HTTP/1.1" 200 20064
INFO:requests.packages.urllib3.connectionpool:Starting new HTTPS connection (1): en.wiktionary.org
DEBUG:requests.packages.urllib3.connectionpool:"GET /wiki/cenare HTTP/1.1" 200 9324
INFO:requests.packages.urllib3.connectionpool:Starting new HTTPS connection (1): en.wiktionary.org
DEBUG:requests.packages.urllib3.connectionpool:"GET /wiki/canto HTTP/1.1" 200 20349
INFO:requests.packages.urllib3.connectionpool:Starting new HTTPS connection (1): en.wiktionary.org
DEBUG:requests.packages.urllib3.connectionpool:"GET /wiki/canto HTTP/1.1" 200 20349
INFO:requests.packages.urllib3.connectionpool:Starting new HTTPS connection (1): en.wiktionary.org
DEBUG:requests.packages.urllib3.connectionpool:"GET /wiki/hablar HTTP/1.1" 200 12806
INFO:requests.packages.urllib3.connectionpool:Starting new HTTPS connection (1): en.wiktionary.org
DEBUG:requests.packages.urllib3.connectionpool:"GET /wiki/ante HTTP/1.1" 200 20064
INFO:requests.packages.urllib3.connectionpool:Starting new HTTPS connection (1): en.wiktionary.org
DEBUG:requests.packages.urllib3.connectionpool:"GET /wiki/cenare HTTP/1.1" 200 9324
INFO:requests.packages.urllib3.connectionpool:Starting new HTTPS connection (1): en.wiktionary.org
DEBUG:requests.packages.urllib3.connectionpool:"GET /wiki/canto HTTP/1.1" 200 20349
INFO:requests.packages.urllib3.connectionpool:Starting new HTTPS connection (1): en.wiktionary.org
DEBUG:requests.packages.urllib3.connectionpool:"GET /wiki/hablar HTTP/1.1" 200 12806
INFO:requests.packages.urllib3.connectionpool:Starting new HTTPS connection (1): en.wiktionary.org
DEBUG:requests.packages.urllib3.connectionpool:"GET /wiki/ante HTTP/1.1" 200 20064
INFO:requests.packages.urllib3.connectionpool:Starting new HTTPS connection (1): en.wiktionary.org
DEBUG:requests.packages.urllib3.connectionpool:"GET /wiki/cenare HTTP/1.1" 200 9324
INFO:requests.packages.urllib3.connectionpool:Starting new HTTPS connection (1): en.wiktionary.org
DEBUG:requests.packages.urllib3.connectionpool:"GET /wiki/canto HTTP/1.1" 200 20349
INFO:requests.packages.urllib3.connectionpool:Starting new HTTPS connection (1): en.wiktionary.org
DEBUG:requests.packages.urllib3.connectionpool:"GET /wiki/canto HTTP/1.1" 200 20349
INFO:requests.packages.urllib3.connectionpool:Starting new HTTPS connection (1): en.wiktionary.org
DEBUG:requests.packages.urllib3.connectionpool:"GET /wiki/hablar HTTP/1.1" 200 12806
INFO:requests.packages.urllib3.connectionpool:Starting new HTTPS connection (1): en.wiktionary.org
DEBUG:requests.packages.urllib3.connectionpool:"GET /wiki/ante HTTP/1.1" 200 20064
INFO:requests.packages.urllib3.connectionpool:Starting new HTTPS connection (1): en.wiktionary.org
DEBUG:requests.packages.urllib3.connectionpool:"GET /wiki/cenare HTTP/1.1" 200 9324
INFO:requests.packages.urllib3.connectionpool:Starting new HTTPS connection (1): en.wiktionary.org
DEBUG:requests.packages.urllib3.connectionpool:"GET /wiki/canto HTTP/1.1" 200 20349
INFO:requests.packages.urllib3.connectionpool:Starting new HTTPS connection (1): en.wiktionary.org
DEBUG:requests.packages.urllib3.connectionpool:"GET /wiki/hablar HTTP/1.1" 200 12806
INFO:requests.packages.urllib3.connectionpool:Starting new HTTPS connection (1): en.wiktionary.org
DEBUG:requests.packages.urllib3.connectionpool:"GET /wiki/ante HTTP/1.1" 200 20064
INFO:requests.packages.urllib3.connectionpool:Starting new HTTPS connection (1): en.wiktionary.org
DEBUG:requests.packages.urllib3.connectionpool:"GET /wiki/cenare HTTP/1.1" 200 9324
INFO:requests.packages.urllib3.connectionpool:Starting new HTTPS connection (1): en.wiktionary.org
DEBUG:requests.packages.urllib3.connectionpool:"GET /wiki/canto HTTP/1.1" 200 20349
INFO:requests.packages.urllib3.connectionpool:Starting new HTTPS connection (1): en.wiktionary.org
DEBUG:requests.packages.urllib3.connectionpool:"GET /wiki/hablar HTTP/1.1" 200 12806
INFO:requests.packages.urllib3.connectionpool:Starting new HTTPS connection (1): en.wiktionary.org
DEBUG:requests.packages.urllib3.connectionpool:"GET /wiki/ante HTTP/1.1" 200 20064
INFO:requests.packages.urllib3.connectionpool:Starting new HTTPS connection (1): en.wiktionary.org
DEBUG:requests.packages.urllib3.connectionpool:"GET /wiki/cenare HTTP/1.1" 200 9324
INFO:requests.packages.urllib3.connectionpool:Starting new HTTPS connection (1): en.wiktionary.org
DEBUG:requests.packages.urllib3.connectionpool:"GET /wiki/canto HTTP/1.1" 200 20349
INFO:requests.packages.urllib3.connectionpool:Starting new HTTPS connection (1): en.wiktionary.org
DEBUG:requests.packages.urllib3.connectionpool:"GET /wiki/hablar HTTP/1.1" 200 12806
INFO:requests.packages.urllib3.connectionpool:Starting new HTTPS connection (1): en.wiktionary.org
DEBUG:requests.packages.urllib3.connectionpool:"GET /wiki/ante HTTP/1.1" 200 20064
INFO:requests.packages.urllib3.connectionpool:Starting new HTTPS connection (1): en.wiktionary.org
DEBUG:requests.packages.urllib3.connectionpool:"GET /wiki/cenare HTTP/1.1" 200 9324
INFO:requests.packages.urllib3.connectionpool:Starting new HTTPS connection (1): en.wiktionary.org
DEBUG:requests.packages.urllib3.connectionpool:"GET /wiki/canto HTTP/1.1" 200 20349
INFO:requests.packages.urllib3.connectionpool:Starting new HTTPS connection (1): en.wiktionary.org
DEBUG:requests.packages.urllib3.connectionpool:"GET /wiki/hablar HTTP/1.1" 200 12806
INFO:requests.packages.urllib3.connectionpool:Starting new HTTPS connection (1): en.wiktionary.org
DEBUG:requests.packages.urllib3.connectionpool:"GET /wiki/ante HTTP/1.1" 200 20064
INFO:requests.packages.urllib3.connectionpool:Starting new HTTPS connection (1): en.wiktionary.org
DEBUG:requests.packages.urllib3.connectionpool:"GET /wiki/cenare HTTP/1.1" 200 9324
INFO:requests.packages.urllib3.connectionpool:Starting new HTTPS connection (1): en.wiktionary.org
DEBUG:requests.packages.urllib3.connectionpool:"GET /wiki/canto HTTP/1.1" 200 20349
INFO:requests.packages.urllib3.connectionpool:Starting new HTTPS connection (1): en.wiktionary.org
DEBUG:requests.packages.urllib3.connectionpool:"GET /wiki/canto HTTP/1.1" 200 20349
INFO:requests.packages.urllib3.connectionpool:Starting new HTTPS connection (1): en.wiktionary.org
DEBUG:requests.packages.urllib3.connectionpool:"GET /wiki/hablar HTTP/1.1" 200 12806
INFO:requests.packages.urllib3.connectionpool:Starting new HTTPS connection (1): en.wiktionary.org
DEBUG:requests.packages.urllib3.connectionpool:"GET /wiki/ante HTTP/1.1" 200 20064
INFO:requests.packages.urllib3.connectionpool:Starting new HTTPS connection (1): en.wiktionary.org
DEBUG:requests.packages.urllib3.connectionpool:"GET /wiki/cenare HTTP/1.1" 200 9324
INFO:requests.packages.urllib3.connectionpool:Starting new HTTPS connection (1): en.wiktionary.org
DEBUG:requests.packages.urllib3.connectionpool:"GET /wiki/canto HTTP/1.1" 200 None
INFO:requests.packages.urllib3.connectionpool:Starting new HTTPS connection (1): en.wiktionary.org
DEBUG:requests.packages.urllib3.connectionpool:"GET /wiki/hablar HTTP/1.1" 200 12806
INFO:requests.packages.urllib3.connectionpool:Starting new HTTPS connection (1): en.wiktionary.org
DEBUG:requests.packages.urllib3.connectionpool:"GET /wiki/ante HTTP/1.1" 200 20064
INFO:requests.packages.urllib3.connectionpool:Starting new HTTPS connection (1): en.wiktionary.org
DEBUG:requests.packages.urllib3.connectionpool:"GET /wiki/cenare HTTP/1.1" 200 9316
INFO:requests.packages.urllib3.connectionpool:Starting new HTTPS connection (1): en.wiktionary.org
DEBUG:requests.packages.urllib3.connectionpool:"GET /wiki/canto HTTP/1.1" 200 20360
INFO:requests.packages.urllib3.connectionpool:Starting new HTTPS connection (1): en.wiktionary.org
DEBUG:requests.packages.urllib3.connectionpool:"GET /wiki/hablar HTTP/1.1" 200 12806
INFO:requests.packages.urllib3.connectionpool:Starting new HTTPS connection (1): en.wiktionary.org
DEBUG:requests.packages.urllib3.connectionpool:"GET /wiki/ante HTTP/1.1" 200 20064
INFO:requests.packages.urllib3.connectionpool:Starting new HTTPS connection (1): en.wiktionary.org
DEBUG:requests.packages.urllib3.connectionpool:"GET /wiki/cenare HTTP/1.1" 200 9316
